<?xml version="1.0"?>
<testsuites>
	<testsuite errors="0" failures="0" name="test/ozone-video-edit_test.html (chrome 58)" skipped="0" tests="2">
		<testcase name="ozone-video-player; should display video on video-url attribute change" time="55"/>
		<testcase name="ozone-video-player; loadOzoneVideo; should Play a video from ozone " time="64"/>
	</testsuite>
	<testsuite errors="0" failures="0" name="test/ozone-video-edit_test.html (firefox 55)" skipped="0" tests="2">
		<testcase name="ozone-video-player; should display video on video-url attribute change" time="89"/>
		<testcase name="ozone-video-player; loadOzoneVideo; should Play a video from ozone " time="61"/>
	</testsuite>
</testsuites>
